2023-01-31T16:45:19.746Z - info: [ui] [RepositoryIndicatorUpdater]: Refreshing sidebar indicators for 2 repositories took 1.3s of which 0.0s paused, total 1.3s
2023-01-31T16:45:26.836Z - info: [ui] [Timing] Action 'create commit' for 'Frann0/PersonalWebsite' took 0.333s
2023-01-31T16:45:27.264Z - info: [ui] [AppStore.withAuthenticatingUser] account found for repository: PersonalWebsite - Frann0 (has token)
2023-01-31T16:45:28.877Z - info: [ui] Executing push: git -c credential.helper= push origin Master:Master --progress (took 1.527s)
2023-01-31T18:54:50.617Z - info: [ui] [RepositoryIndicatorUpdater]: Refreshing sidebar indicators for 2 repositories took 0.8s of which 0.0s paused, total 0.8s
2023-01-31T18:54:59.225Z - info: [ui] [Timing] Action 'create commit' for 'Frann0/PersonalWebsite' took 0.157s
2023-01-31T18:55:00.566Z - info: [ui] [AppStore.withAuthenticatingUser] account found for repository: PersonalWebsite - Frann0 (has token)
2023-01-31T18:55:01.989Z - info: [ui] Executing push: git -c credential.helper= push origin Master:Master --progress (took 1.397s)
2023-01-31T19:26:20.636Z - info: [ui] [RepositoryIndicatorUpdater]: Refreshing sidebar indicators for 2 repositories took 0.9s of which 0.0s paused, total 0.9s
2023-01-31T19:26:38.343Z - info: [ui] [Timing] Action 'create commit' for 'Frann0/PersonalWebsite' took 0.113s
2023-01-31T19:26:39.021Z - info: [ui] [AppStore.withAuthenticatingUser] account found for repository: PersonalWebsite - Frann0 (has token)
2023-01-31T19:26:40.309Z - info: [ui] Executing push: git -c credential.helper= push origin Master:Master --progress (took 1.280s)
2023-01-31T19:33:16.972Z - info: [ui] [Timing] Action 'create commit' for 'Frann0/PersonalWebsite' took 0.087s
2023-01-31T19:33:17.664Z - info: [ui] [AppStore.withAuthenticatingUser] account found for repository: PersonalWebsite - Frann0 (has token)
2023-01-31T19:33:18.956Z - info: [ui] Executing push: git -c credential.helper= push origin Master:Master --progress (took 1.285s)
2023-01-31T19:50:26.057Z - info: [ui] [RepositoryIndicatorUpdater]: Refreshing sidebar indicators for 2 repositories took 0.7s of which 0.0s paused, total 0.7s
2023-01-31T19:56:41.385Z - info: [ui] [BranchPruner] No branches to prune.
2023-01-31T19:56:42.276Z - info: [ui] Stats reported.
2023-01-31T21:20:02.957Z - info: [ui] [RepositoryIndicatorUpdater]: Refreshing sidebar indicators for 2 repositories took 0.9s of which 0.0s paused, total 0.9s
2023-01-31T21:27:32.324Z - info: [ui] [Timing] Action 'create commit' for 'Frann0/PersonalWebsite' took 0.137s
2023-01-31T21:27:33.010Z - info: [ui] [AppStore.withAuthenticatingUser] account found for repository: PersonalWebsite - Frann0 (has token)
2023-01-31T21:27:34.235Z - info: [ui] Executing push: git -c credential.helper= push origin Master:Master --progress (took 1.222s)
2023-01-31T21:47:33.003Z - info: [ui] [RepositoryIndicatorUpdater]: Refreshing sidebar indicators for 2 repositories took 0.6s of which 0.0s paused, total 0.6s
2023-01-31T21:47:39.543Z - info: [ui] [Timing] Action 'create commit' for 'Frann0/PersonalWebsite' took 0.066s
2023-01-31T21:47:40.129Z - info: [ui] [AppStore.withAuthenticatingUser] account found for repository: PersonalWebsite - Frann0 (has token)
2023-01-31T21:47:41.230Z - info: [ui] Executing push: git -c credential.helper= push origin Master:Master --progress (took 1.093s)
