2023-02-06T14:34:26.324Z - info: [ui] [AppStore] loading 6 repositories from store
2023-02-06T14:34:26.330Z - info: [ui] [AppStore] found account: Frann0 (Frann0)
2023-02-06T14:34:26.443Z - info: [ui] [BranchPruner] No branches to prune.
2023-02-06T14:34:26.546Z - info: [ui] launching: 3.1.1-linux1 (Linux 5.15.0-58-generic)
2023-02-06T14:34:26.547Z - info: [ui] execPath: '/usr/lib/github-desktop/github-desktop'
2023-02-06T14:34:26.943Z - info: [ui] Subscribed 'Frann0' to Alive channel
2023-02-06T14:34:27.059Z - info: [ui] Stats reported.
2023-02-06T14:36:52.084Z - info: [ui] [RepositoryIndicatorUpdater]: Refreshing sidebar indicators for 5 repositories took 1.1s of which 0.0s paused, total 1.1s
2023-02-06T14:37:34.522Z - info: [ui] [AppStore.getAccountForRemoteURL] account found for remote: https://github.com/Frann0/Firebase.git - Frann0 (has token)
2023-02-06T14:37:35.568Z - info: [ui] Executing clone: git -c credential.helper= -c init.defaultBranch=Master clone --recursive --progress -- https://github.com/Frann0/Firebase.git /home/franno/Documents/GitHub/Firebase (took 1.044s)
2023-02-06T14:37:35.577Z - info: [ui] [AppStore] adding repository at /home/franno/Documents/GitHub/Firebase to store
2023-02-06T14:37:35.731Z - info: [ui] [BranchPruner] Last prune took place 3 minutes ago - skipping
2023-02-06T14:37:36.016Z - info: [ui] [BranchPruner] No branches to prune.
2023-02-06T14:44:02.468Z - info: [ui] [Timing] Action 'create commit' for 'Frann0/Firebase' took 0.114s
2023-02-06T14:44:03.336Z - info: [ui] [AppStore.withAuthenticatingUser] account found for repository: Firebase - Frann0 (has token)
2023-02-06T14:44:04.492Z - info: [ui] Executing push: git -c credential.helper= push origin Master:Master --progress (took 1.138s)
2023-02-06T15:19:57.539Z - error: [ui] Could not load old contents for syntax highlighting
RangeError [ERR_CHILD_PROCESS_STDIO_MAXBUFFER]: stdout maxBuffer length exceeded
    at __node_internal_captureLargerStackTrace (node:internal/errors:464:5)
    at new NodeError (node:internal/errors:371:5)
    at Socket.onChildStdout (node:child_process:470:14)
    at Socket.emit (node:events:538:35)
    at addChunk (node:internal/streams/readable:315:12)
    at readableAddChunk (node:internal/streams/readable:285:11)
    at Socket.Readable.push (node:internal/streams/readable:228:10)
    at Pipe.onStreamRead (node:internal/stream_base_commons:190:23)
2023-02-06T15:19:58.724Z - info: [ui] [AppStore.withAuthenticatingUser] account found for repository: Dev-vault - Frann0 (has token)
2023-02-06T15:41:00.047Z - info: [ui] [RepositoryIndicatorUpdater]: Refreshing sidebar indicators for 7 repositories took 3.3s of which 1259.5s paused, total 1262.8s
2023-02-06T19:33:35.465Z - info: [ui] [AppStore.withAuthenticatingUser] account found for repository: Dev-vault - Frann0 (has token)
2023-02-06T19:33:37.426Z - info: [ui] [RepositoryIndicatorUpdater]: Refreshing sidebar indicators for 7 repositories took 3.7s of which 13915.9s paused, total 13919.6s
2023-02-06T19:33:47.968Z - info: [ui] [Timing] Action 'create commit' for 'Frann0/Firebase' took 0.119s
2023-02-06T19:33:48.629Z - info: [ui] [AppStore.withAuthenticatingUser] account found for repository: Firebase - Frann0 (has token)
2023-02-06T19:33:49.809Z - info: [ui] Executing push: git -c credential.helper= push origin Master:Master --progress (took 1.174s)
2023-02-06T19:38:41.431Z - info: [ui] [AppStore.withAuthenticatingUser] account found for repository: Dev-vault - Frann0 (has token)
2023-02-06T19:38:42.012Z - info: [ui] [Timing] Action 'create commit' for 'Frann0/Firebase' took 0.074s
2023-02-06T19:38:42.536Z - info: [ui] Executing fetch: git -c credential.helper= fetch --progress --prune --recurse-submodules=on-demand origin (took 1.094s)
2023-02-06T19:38:42.793Z - info: [ui] [AppStore.withAuthenticatingUser] account found for repository: Firebase - Frann0 (has token)
2023-02-06T19:38:43.397Z - info: [ui] [RepositoryIndicatorUpdater]: Refreshing sidebar indicators for 7 repositories took 3.6s of which 0.0s paused, total 3.6s
2023-02-06T19:38:43.917Z - info: [ui] Executing push: git -c credential.helper= push origin Master:Master --progress (took 1.118s)
2023-02-06T19:46:12.920Z - info: [ui] [BranchPruner] Last prune took place 5 hours ago - skipping
2023-02-06T19:56:01.731Z - info: [ui] [AppStore.withAuthenticatingUser] account found for repository: Dev-vault - Frann0 (has token)
2023-02-06T20:43:19.910Z - info: [ui] [RepositoryIndicatorUpdater]: Refreshing sidebar indicators for 7 repositories took 4.0s of which 2836.0s paused, total 2840.0s
2023-02-06T20:43:27.519Z - info: [ui] [Timing] Action 'create commit' for 'Frann0/Firebase' took 0.069s
2023-02-06T20:43:28.729Z - info: [ui] [AppStore.withAuthenticatingUser] account found for repository: Firebase - Frann0 (has token)
2023-02-06T20:43:29.946Z - info: [ui] Executing push: git -c credential.helper= push origin Master:Master --progress (took 1.210s)
2023-02-06T21:06:15.412Z - info: [ui] [AppStore.withAuthenticatingUser] account found for repository: Dev-vault - Frann0 (has token)
2023-02-06T21:06:17.510Z - info: [ui] [RepositoryIndicatorUpdater]: Refreshing sidebar indicators for 7 repositories took 3.6s of which 0.0s paused, total 3.6s
2023-02-06T21:06:22.732Z - error: [ui] Could not load new contents for syntax highlighting
Error: ENOENT: no such file or directory, open '/home/franno/Documents/GitHub/Obsidian-vault/Dev Vault/Weekly/.obsidian/workspace.json'
2023-02-06T21:06:22.787Z - info: [ui] [BranchPruner] Last prune took place 7 hours ago - skipping
2023-02-06T21:06:23.894Z - error: [ui] Could not load new contents for syntax highlighting
Error: ENOENT: no such file or directory, open '/home/franno/Documents/GitHub/Obsidian-vault/Dev Vault/Weekly/Daily/06 Feb, 2023.md'
2023-02-06T21:06:25.194Z - error: [ui] Could not load new contents for syntax highlighting
Error: ENOENT: no such file or directory, open '/home/franno/Documents/GitHub/Obsidian-vault/Dev Vault/Weekly/Firebase.md'
2023-02-06T21:06:26.099Z - error: [ui] Could not load new contents for syntax highlighting
Error: ENOENT: no such file or directory, open '/home/franno/Documents/GitHub/Obsidian-vault/Dev Vault/Weekly/.obsidian/workspace.json'
2023-02-06T21:06:36.420Z - error: [ui] Could not load new contents for syntax highlighting
Error: ENOENT: no such file or directory, open '/home/franno/Documents/GitHub/Obsidian-vault/Dev Vault/Weekly/Daily/06 Feb, 2023.md'
